31-01-2020 04:01:45 [http-nio-8080-exec-1] INFO  o.a.c.c.C.[Tomcat].[localhost].[/] - Initializing Spring DispatcherServlet 'dispatcherServlet'
31-01-2020 04:01:45 [http-nio-8080-exec-1] INFO  o.s.web.servlet.DispatcherServlet - Initializing Servlet 'dispatcherServlet'
31-01-2020 04:01:45 [http-nio-8080-exec-1] INFO  o.s.web.servlet.DispatcherServlet - Completed initialization in 44 ms
31-01-2020 04:01:46 [http-nio-8080-exec-1] DEBUG com.devfam.miag.web.CompteController - Impossible de retirer de l'argent Le compte est vide ou Verifier les informations saisies
31-01-2020 04:02:12 [http-nio-8080-exec-4] DEBUG com.devfam.miag.web.AdminController - Laffichage de tout les admin est un risque
31-01-2020 05:51:38 [HikariPool-1 housekeeper] WARN  com.zaxxer.hikari.pool.HikariPool - HikariPool-1 - Thread starvation or clock leap detected (housekeeper delta=6m13s269ms493µs128ns).
31-01-2020 05:54:29 [RMI TCP Connection(5)-127.0.0.1] INFO  o.s.b.a.SpringApplicationAdminMXBeanRegistrar$SpringApplicationAdmin - Application shutdown requested.
31-01-2020 05:54:30 [RMI TCP Connection(5)-127.0.0.1] INFO  o.s.s.c.ThreadPoolTaskExecutor - Shutting down ExecutorService 'applicationTaskExecutor'
31-01-2020 05:54:30 [RMI TCP Connection(5)-127.0.0.1] INFO  o.s.o.j.LocalContainerEntityManagerFactoryBean - Closing JPA EntityManagerFactory for persistence unit 'default'
31-01-2020 05:54:30 [RMI TCP Connection(5)-127.0.0.1] INFO  com.zaxxer.hikari.HikariDataSource - HikariPool-1 - Shutdown initiated...
31-01-2020 05:54:30 [RMI TCP Connection(5)-127.0.0.1] INFO  com.zaxxer.hikari.HikariDataSource - HikariPool-1 - Shutdown completed.
31-01-2020 08:51:09 [main] INFO  c.d.m.ProjetCompteClientApplication - Starting ProjetCompteClientApplication on DESKTOP-D08EB1A with PID 12252 (started by Mamadou Anne in C:\Users\Mamadou Anne\Documents\workspace-spring-tool-suite-4-4.4.0.RELEASE\ProjetCompteClient)
31-01-2020 08:51:09 [main] INFO  c.d.m.ProjetCompteClientApplication - No active profile set, falling back to default profiles: default
31-01-2020 08:51:14 [main] INFO  o.s.d.r.c.RepositoryConfigurationDelegate - Bootstrapping Spring Data JPA repositories in DEFAULT mode.
31-01-2020 08:51:15 [main] INFO  o.s.d.r.c.RepositoryConfigurationDelegate - Finished Spring Data repository scanning in 717ms. Found 4 JPA repository interfaces.
31-01-2020 08:51:17 [main] INFO  o.s.c.s.PostProcessorRegistrationDelegate$BeanPostProcessorChecker - Bean 'org.springframework.ws.config.annotation.DelegatingWsConfiguration' of type [org.springframework.ws.config.annotation.DelegatingWsConfiguration$$EnhancerBySpringCGLIB$$2f903129] is not eligible for getting processed by all BeanPostProcessors (for example: not eligible for auto-proxying)
31-01-2020 08:51:17 [main] INFO  o.s.w.s.a.s.AnnotationActionEndpointMapping - Supporting [WS-Addressing August 2004, WS-Addressing 1.0]
31-01-2020 08:51:17 [main] INFO  o.s.c.s.PostProcessorRegistrationDelegate$BeanPostProcessorChecker - Bean 'org.springframework.transaction.annotation.ProxyTransactionManagementConfiguration' of type [org.springframework.transaction.annotation.ProxyTransactionManagementConfiguration] is not eligible for getting processed by all BeanPostProcessors (for example: not eligible for auto-proxying)
31-01-2020 08:51:19 [main] INFO  o.s.b.w.e.tomcat.TomcatWebServer - Tomcat initialized with port(s): 8080 (http)
31-01-2020 08:51:19 [main] INFO  o.a.catalina.core.StandardService - Starting service [Tomcat]
31-01-2020 08:51:19 [main] INFO  o.a.catalina.core.StandardEngine - Starting Servlet engine: [Apache Tomcat/9.0.30]
31-01-2020 08:51:19 [main] INFO  o.a.c.c.C.[Tomcat].[localhost].[/] - Initializing Spring embedded WebApplicationContext
31-01-2020 08:51:19 [main] INFO  o.s.web.context.ContextLoader - Root WebApplicationContext: initialization completed in 9851 ms
31-01-2020 08:51:21 [main] INFO  o.h.jpa.internal.util.LogHelper - HHH000204: Processing PersistenceUnitInfo [name: default]
31-01-2020 08:51:21 [main] INFO  org.hibernate.Version - HHH000412: Hibernate Core {5.4.10.Final}
31-01-2020 08:51:22 [main] INFO  o.h.annotations.common.Version - HCANN000001: Hibernate Commons Annotations {5.1.0.Final}
31-01-2020 08:51:23 [main] INFO  com.zaxxer.hikari.HikariDataSource - HikariPool-1 - Starting...
31-01-2020 08:51:24 [main] INFO  com.zaxxer.hikari.HikariDataSource - HikariPool-1 - Start completed.
31-01-2020 08:51:24 [main] INFO  org.hibernate.dialect.Dialect - HHH000400: Using dialect: org.hibernate.dialect.MySQL5Dialect
31-01-2020 08:51:30 [main] INFO  o.h.e.t.j.p.i.JtaPlatformInitiator - HHH000490: Using JtaPlatform implementation: [org.hibernate.engine.transaction.jta.platform.internal.NoJtaPlatform]
31-01-2020 08:51:30 [main] INFO  o.s.o.j.LocalContainerEntityManagerFactoryBean - Initialized JPA EntityManagerFactory for persistence unit 'default'
31-01-2020 08:51:31 [main] WARN  o.s.b.a.o.j.JpaBaseConfiguration$JpaWebConfiguration - spring.jpa.open-in-view is enabled by default. Therefore, database queries may be performed during view rendering. Explicitly configure spring.jpa.open-in-view to disable this warning
31-01-2020 08:51:36 [main] INFO  o.s.s.web.DefaultSecurityFilterChain - Creating filter chain: any request, [org.springframework.security.web.context.request.async.WebAsyncManagerIntegrationFilter@1c72189f, org.springframework.security.web.context.SecurityContextPersistenceFilter@44da7eb3, org.springframework.security.web.header.HeaderWriterFilter@6b09ce57, org.springframework.web.filter.CorsFilter@14be750c, org.springframework.security.web.authentication.logout.LogoutFilter@117b2cc6, org.springframework.security.web.authentication.www.BasicAuthenticationFilter@60a01cb, org.springframework.security.web.savedrequest.RequestCacheAwareFilter@3d512652, org.springframework.security.web.servletapi.SecurityContextHolderAwareRequestFilter@5dfc2a4, org.springframework.security.web.authentication.AnonymousAuthenticationFilter@58882a93, org.springframework.security.web.session.SessionManagementFilter@56d6a1b1, org.springframework.security.web.access.ExceptionTranslationFilter@5a85b4e6, org.springframework.security.web.access.intercept.FilterSecurityInterceptor@17884d]
31-01-2020 08:51:36 [main] INFO  o.s.s.c.ThreadPoolTaskExecutor - Initializing ExecutorService 'applicationTaskExecutor'
31-01-2020 08:51:42 [main] INFO  o.s.b.w.e.tomcat.TomcatWebServer - Tomcat started on port(s): 8080 (http) with context path ''
31-01-2020 08:51:42 [main] INFO  c.d.m.ProjetCompteClientApplication - Started ProjetCompteClientApplication in 35.167 seconds (JVM running for 42.235)
31-01-2020 08:58:12 [RMI TCP Connection(2)-127.0.0.1] INFO  o.s.b.a.SpringApplicationAdminMXBeanRegistrar$SpringApplicationAdmin - Application shutdown requested.
31-01-2020 08:58:12 [RMI TCP Connection(2)-127.0.0.1] INFO  o.s.s.c.ThreadPoolTaskExecutor - Shutting down ExecutorService 'applicationTaskExecutor'
31-01-2020 08:58:12 [RMI TCP Connection(2)-127.0.0.1] INFO  o.s.o.j.LocalContainerEntityManagerFactoryBean - Closing JPA EntityManagerFactory for persistence unit 'default'
31-01-2020 08:58:12 [RMI TCP Connection(2)-127.0.0.1] INFO  com.zaxxer.hikari.HikariDataSource - HikariPool-1 - Shutdown initiated...
31-01-2020 08:58:13 [RMI TCP Connection(2)-127.0.0.1] INFO  com.zaxxer.hikari.HikariDataSource - HikariPool-1 - Shutdown completed.
31-01-2020 08:58:28 [main] INFO  c.d.m.ProjetCompteClientApplication - Starting ProjetCompteClientApplication on DESKTOP-D08EB1A with PID 8788 (started by Mamadou Anne in C:\Users\Mamadou Anne\Documents\workspace-spring-tool-suite-4-4.4.0.RELEASE\ProjetCompteClient)
31-01-2020 08:58:28 [main] INFO  c.d.m.ProjetCompteClientApplication - No active profile set, falling back to default profiles: default
31-01-2020 08:58:31 [main] INFO  o.s.d.r.c.RepositoryConfigurationDelegate - Bootstrapping Spring Data JPA repositories in DEFAULT mode.
31-01-2020 08:58:32 [main] INFO  o.s.d.r.c.RepositoryConfigurationDelegate - Finished Spring Data repository scanning in 381ms. Found 4 JPA repository interfaces.
31-01-2020 08:58:34 [main] INFO  o.s.c.s.PostProcessorRegistrationDelegate$BeanPostProcessorChecker - Bean 'org.springframework.ws.config.annotation.DelegatingWsConfiguration' of type [org.springframework.ws.config.annotation.DelegatingWsConfiguration$$EnhancerBySpringCGLIB$$59d99bd] is not eligible for getting processed by all BeanPostProcessors (for example: not eligible for auto-proxying)
31-01-2020 08:58:34 [main] INFO  o.s.w.s.a.s.AnnotationActionEndpointMapping - Supporting [WS-Addressing August 2004, WS-Addressing 1.0]
31-01-2020 08:58:34 [main] INFO  o.s.c.s.PostProcessorRegistrationDelegate$BeanPostProcessorChecker - Bean 'org.springframework.transaction.annotation.ProxyTransactionManagementConfiguration' of type [org.springframework.transaction.annotation.ProxyTransactionManagementConfiguration] is not eligible for getting processed by all BeanPostProcessors (for example: not eligible for auto-proxying)
31-01-2020 08:58:35 [main] INFO  o.s.b.w.e.tomcat.TomcatWebServer - Tomcat initialized with port(s): 8080 (http)
31-01-2020 08:58:35 [main] INFO  o.a.catalina.core.StandardService - Starting service [Tomcat]
31-01-2020 08:58:35 [main] INFO  o.a.catalina.core.StandardEngine - Starting Servlet engine: [Apache Tomcat/9.0.30]
31-01-2020 08:58:36 [main] INFO  o.a.c.c.C.[Tomcat].[localhost].[/] - Initializing Spring embedded WebApplicationContext
31-01-2020 08:58:36 [main] INFO  o.s.web.context.ContextLoader - Root WebApplicationContext: initialization completed in 7811 ms
31-01-2020 08:58:37 [main] INFO  o.h.jpa.internal.util.LogHelper - HHH000204: Processing PersistenceUnitInfo [name: default]
31-01-2020 08:58:37 [main] INFO  org.hibernate.Version - HHH000412: Hibernate Core {5.4.10.Final}
31-01-2020 08:58:38 [main] INFO  o.h.annotations.common.Version - HCANN000001: Hibernate Commons Annotations {5.1.0.Final}
31-01-2020 08:58:38 [main] INFO  com.zaxxer.hikari.HikariDataSource - HikariPool-1 - Starting...
31-01-2020 08:58:39 [main] INFO  com.zaxxer.hikari.HikariDataSource - HikariPool-1 - Start completed.
31-01-2020 08:58:39 [main] INFO  org.hibernate.dialect.Dialect - HHH000400: Using dialect: org.hibernate.dialect.MySQL5Dialect
31-01-2020 08:58:43 [main] INFO  o.h.e.t.j.p.i.JtaPlatformInitiator - HHH000490: Using JtaPlatform implementation: [org.hibernate.engine.transaction.jta.platform.internal.NoJtaPlatform]
31-01-2020 08:58:43 [main] INFO  o.s.o.j.LocalContainerEntityManagerFactoryBean - Initialized JPA EntityManagerFactory for persistence unit 'default'
31-01-2020 08:58:44 [main] WARN  o.s.b.a.o.j.JpaBaseConfiguration$JpaWebConfiguration - spring.jpa.open-in-view is enabled by default. Therefore, database queries may be performed during view rendering. Explicitly configure spring.jpa.open-in-view to disable this warning
31-01-2020 08:58:48 [main] INFO  o.s.s.web.DefaultSecurityFilterChain - Creating filter chain: any request, [org.springframework.security.web.context.request.async.WebAsyncManagerIntegrationFilter@2321e482, org.springframework.security.web.context.SecurityContextPersistenceFilter@6c6928c, org.springframework.security.web.header.HeaderWriterFilter@3120495d, org.springframework.web.filter.CorsFilter@467ef400, org.springframework.security.web.authentication.logout.LogoutFilter@afee63, org.springframework.security.web.authentication.www.BasicAuthenticationFilter@27afbf14, org.springframework.security.web.savedrequest.RequestCacheAwareFilter@73aaec54, org.springframework.security.web.servletapi.SecurityContextHolderAwareRequestFilter@d70e9a, org.springframework.security.web.authentication.AnonymousAuthenticationFilter@13fe5bb7, org.springframework.security.web.session.SessionManagementFilter@1b3a9ef4, org.springframework.security.web.access.ExceptionTranslationFilter@4416e18d, org.springframework.security.web.access.intercept.FilterSecurityInterceptor@1c72189f]
31-01-2020 08:58:48 [main] INFO  o.s.s.c.ThreadPoolTaskExecutor - Initializing ExecutorService 'applicationTaskExecutor'
31-01-2020 08:58:49 [main] INFO  o.s.b.w.e.tomcat.TomcatWebServer - Tomcat started on port(s): 8080 (http) with context path ''
31-01-2020 08:58:49 [main] INFO  c.d.m.ProjetCompteClientApplication - Started ProjetCompteClientApplication in 23.169 seconds (JVM running for 28.709)
31-01-2020 09:01:15 [RMI TCP Connection(2)-127.0.0.1] INFO  o.s.b.a.SpringApplicationAdminMXBeanRegistrar$SpringApplicationAdmin - Application shutdown requested.
31-01-2020 09:01:15 [RMI TCP Connection(2)-127.0.0.1] INFO  o.s.s.c.ThreadPoolTaskExecutor - Shutting down ExecutorService 'applicationTaskExecutor'
31-01-2020 09:01:15 [RMI TCP Connection(2)-127.0.0.1] INFO  o.s.o.j.LocalContainerEntityManagerFactoryBean - Closing JPA EntityManagerFactory for persistence unit 'default'
31-01-2020 09:01:15 [RMI TCP Connection(2)-127.0.0.1] INFO  com.zaxxer.hikari.HikariDataSource - HikariPool-1 - Shutdown initiated...
31-01-2020 09:01:15 [RMI TCP Connection(2)-127.0.0.1] INFO  com.zaxxer.hikari.HikariDataSource - HikariPool-1 - Shutdown completed.
31-01-2020 09:01:25 [main] INFO  c.d.m.ProjetCompteClientApplication - Starting ProjetCompteClientApplication on DESKTOP-D08EB1A with PID 6076 (started by Mamadou Anne in C:\Users\Mamadou Anne\Documents\workspace-spring-tool-suite-4-4.4.0.RELEASE\ProjetCompteClient)
31-01-2020 09:01:25 [main] INFO  c.d.m.ProjetCompteClientApplication - No active profile set, falling back to default profiles: default
31-01-2020 09:01:28 [main] INFO  o.s.d.r.c.RepositoryConfigurationDelegate - Bootstrapping Spring Data JPA repositories in DEFAULT mode.
31-01-2020 09:01:29 [main] INFO  o.s.d.r.c.RepositoryConfigurationDelegate - Finished Spring Data repository scanning in 428ms. Found 4 JPA repository interfaces.
31-01-2020 09:01:30 [main] INFO  o.s.c.s.PostProcessorRegistrationDelegate$BeanPostProcessorChecker - Bean 'org.springframework.ws.config.annotation.DelegatingWsConfiguration' of type [org.springframework.ws.config.annotation.DelegatingWsConfiguration$$EnhancerBySpringCGLIB$$f7d5e15a] is not eligible for getting processed by all BeanPostProcessors (for example: not eligible for auto-proxying)
31-01-2020 09:01:31 [main] INFO  o.s.w.s.a.s.AnnotationActionEndpointMapping - Supporting [WS-Addressing August 2004, WS-Addressing 1.0]
31-01-2020 09:01:31 [main] INFO  o.s.c.s.PostProcessorRegistrationDelegate$BeanPostProcessorChecker - Bean 'org.springframework.transaction.annotation.ProxyTransactionManagementConfiguration' of type [org.springframework.transaction.annotation.ProxyTransactionManagementConfiguration] is not eligible for getting processed by all BeanPostProcessors (for example: not eligible for auto-proxying)
31-01-2020 09:01:32 [main] INFO  o.s.b.w.e.tomcat.TomcatWebServer - Tomcat initialized with port(s): 8080 (http)
31-01-2020 09:01:32 [main] INFO  o.a.catalina.core.StandardService - Starting service [Tomcat]
31-01-2020 09:01:32 [main] INFO  o.a.catalina.core.StandardEngine - Starting Servlet engine: [Apache Tomcat/9.0.30]
31-01-2020 09:01:33 [main] INFO  o.a.c.c.C.[Tomcat].[localhost].[/] - Initializing Spring embedded WebApplicationContext
31-01-2020 09:01:33 [main] INFO  o.s.web.context.ContextLoader - Root WebApplicationContext: initialization completed in 7571 ms
31-01-2020 09:01:33 [main] INFO  o.h.jpa.internal.util.LogHelper - HHH000204: Processing PersistenceUnitInfo [name: default]
31-01-2020 09:01:34 [main] INFO  org.hibernate.Version - HHH000412: Hibernate Core {5.4.10.Final}
31-01-2020 09:01:34 [main] INFO  o.h.annotations.common.Version - HCANN000001: Hibernate Commons Annotations {5.1.0.Final}
31-01-2020 09:01:35 [main] INFO  com.zaxxer.hikari.HikariDataSource - HikariPool-1 - Starting...
31-01-2020 09:01:36 [main] INFO  com.zaxxer.hikari.HikariDataSource - HikariPool-1 - Start completed.
31-01-2020 09:01:36 [main] INFO  org.hibernate.dialect.Dialect - HHH000400: Using dialect: org.hibernate.dialect.MySQL5Dialect
31-01-2020 09:01:40 [main] INFO  o.h.e.t.j.p.i.JtaPlatformInitiator - HHH000490: Using JtaPlatform implementation: [org.hibernate.engine.transaction.jta.platform.internal.NoJtaPlatform]
31-01-2020 09:01:40 [main] INFO  o.s.o.j.LocalContainerEntityManagerFactoryBean - Initialized JPA EntityManagerFactory for persistence unit 'default'
31-01-2020 09:01:40 [main] WARN  o.s.b.a.o.j.JpaBaseConfiguration$JpaWebConfiguration - spring.jpa.open-in-view is enabled by default. Therefore, database queries may be performed during view rendering. Explicitly configure spring.jpa.open-in-view to disable this warning
31-01-2020 09:01:44 [main] INFO  o.s.s.web.DefaultSecurityFilterChain - Creating filter chain: any request, [org.springframework.security.web.context.request.async.WebAsyncManagerIntegrationFilter@7e2bd5e6, org.springframework.security.web.context.SecurityContextPersistenceFilter@7ead1d80, org.springframework.security.web.header.HeaderWriterFilter@7cdb7fc, org.springframework.web.filter.CorsFilter@76a1146d, org.springframework.security.web.authentication.logout.LogoutFilter@19bfbe28, org.springframework.security.web.authentication.www.BasicAuthenticationFilter@4b6b5352, org.springframework.security.web.savedrequest.RequestCacheAwareFilter@1182413a, org.springframework.security.web.servletapi.SecurityContextHolderAwareRequestFilter@fe8aaeb, org.springframework.security.web.authentication.AnonymousAuthenticationFilter@6ef1c3f7, org.springframework.security.web.session.SessionManagementFilter@919086, org.springframework.security.web.access.ExceptionTranslationFilter@597a7afa, org.springframework.security.web.access.intercept.FilterSecurityInterceptor@605c7a9e]
31-01-2020 09:01:44 [main] INFO  o.s.s.c.ThreadPoolTaskExecutor - Initializing ExecutorService 'applicationTaskExecutor'
31-01-2020 09:01:45 [main] INFO  o.s.b.w.e.tomcat.TomcatWebServer - Tomcat started on port(s): 8080 (http) with context path ''
31-01-2020 09:01:45 [main] INFO  c.d.m.ProjetCompteClientApplication - Started ProjetCompteClientApplication in 22.738 seconds (JVM running for 26.43)
31-01-2020 09:37:26 [RMI TCP Connection(2)-127.0.0.1] INFO  o.s.b.a.SpringApplicationAdminMXBeanRegistrar$SpringApplicationAdmin - Application shutdown requested.
31-01-2020 09:37:26 [RMI TCP Connection(2)-127.0.0.1] INFO  o.s.s.c.ThreadPoolTaskExecutor - Shutting down ExecutorService 'applicationTaskExecutor'
31-01-2020 09:37:26 [RMI TCP Connection(2)-127.0.0.1] INFO  o.s.o.j.LocalContainerEntityManagerFactoryBean - Closing JPA EntityManagerFactory for persistence unit 'default'
31-01-2020 09:37:26 [RMI TCP Connection(2)-127.0.0.1] INFO  com.zaxxer.hikari.HikariDataSource - HikariPool-1 - Shutdown initiated...
31-01-2020 09:37:27 [RMI TCP Connection(2)-127.0.0.1] INFO  com.zaxxer.hikari.HikariDataSource - HikariPool-1 - Shutdown completed.
31-01-2020 09:37:35 [main] INFO  c.d.m.ProjetCompteClientApplication - Starting ProjetCompteClientApplication on DESKTOP-D08EB1A with PID 14612 (started by Mamadou Anne in C:\Users\Mamadou Anne\Documents\workspace-spring-tool-suite-4-4.4.0.RELEASE\ProjetCompteClient)
31-01-2020 09:37:35 [main] INFO  c.d.m.ProjetCompteClientApplication - No active profile set, falling back to default profiles: default
31-01-2020 09:37:38 [main] INFO  o.s.d.r.c.RepositoryConfigurationDelegate - Bootstrapping Spring Data JPA repositories in DEFAULT mode.
31-01-2020 09:37:38 [main] INFO  o.s.d.r.c.RepositoryConfigurationDelegate - Finished Spring Data repository scanning in 407ms. Found 4 JPA repository interfaces.
31-01-2020 09:37:40 [main] INFO  o.s.c.s.PostProcessorRegistrationDelegate$BeanPostProcessorChecker - Bean 'org.springframework.ws.config.annotation.DelegatingWsConfiguration' of type [org.springframework.ws.config.annotation.DelegatingWsConfiguration$$EnhancerBySpringCGLIB$$e66dba72] is not eligible for getting processed by all BeanPostProcessors (for example: not eligible for auto-proxying)
31-01-2020 09:37:40 [main] INFO  o.s.w.s.a.s.AnnotationActionEndpointMapping - Supporting [WS-Addressing August 2004, WS-Addressing 1.0]
31-01-2020 09:37:40 [main] INFO  o.s.c.s.PostProcessorRegistrationDelegate$BeanPostProcessorChecker - Bean 'org.springframework.transaction.annotation.ProxyTransactionManagementConfiguration' of type [org.springframework.transaction.annotation.ProxyTransactionManagementConfiguration] is not eligible for getting processed by all BeanPostProcessors (for example: not eligible for auto-proxying)
31-01-2020 09:37:41 [main] INFO  o.s.b.w.e.tomcat.TomcatWebServer - Tomcat initialized with port(s): 8080 (http)
31-01-2020 09:37:41 [main] INFO  o.a.catalina.core.StandardService - Starting service [Tomcat]
31-01-2020 09:37:41 [main] INFO  o.a.catalina.core.StandardEngine - Starting Servlet engine: [Apache Tomcat/9.0.30]
31-01-2020 09:37:42 [main] INFO  o.a.c.c.C.[Tomcat].[localhost].[/] - Initializing Spring embedded WebApplicationContext
31-01-2020 09:37:42 [main] INFO  o.s.web.context.ContextLoader - Root WebApplicationContext: initialization completed in 6394 ms
31-01-2020 09:37:42 [main] INFO  o.h.jpa.internal.util.LogHelper - HHH000204: Processing PersistenceUnitInfo [name: default]
31-01-2020 09:37:43 [main] INFO  org.hibernate.Version - HHH000412: Hibernate Core {5.4.10.Final}
31-01-2020 09:37:43 [main] INFO  o.h.annotations.common.Version - HCANN000001: Hibernate Commons Annotations {5.1.0.Final}
31-01-2020 09:37:44 [main] INFO  com.zaxxer.hikari.HikariDataSource - HikariPool-1 - Starting...
31-01-2020 09:37:44 [main] INFO  com.zaxxer.hikari.HikariDataSource - HikariPool-1 - Start completed.
31-01-2020 09:37:44 [main] INFO  org.hibernate.dialect.Dialect - HHH000400: Using dialect: org.hibernate.dialect.MySQL5Dialect
31-01-2020 09:37:48 [main] INFO  o.h.e.t.j.p.i.JtaPlatformInitiator - HHH000490: Using JtaPlatform implementation: [org.hibernate.engine.transaction.jta.platform.internal.NoJtaPlatform]
31-01-2020 09:37:48 [main] INFO  o.s.o.j.LocalContainerEntityManagerFactoryBean - Initialized JPA EntityManagerFactory for persistence unit 'default'
31-01-2020 09:37:48 [main] WARN  o.s.b.a.o.j.JpaBaseConfiguration$JpaWebConfiguration - spring.jpa.open-in-view is enabled by default. Therefore, database queries may be performed during view rendering. Explicitly configure spring.jpa.open-in-view to disable this warning
31-01-2020 09:37:51 [main] INFO  o.s.s.web.DefaultSecurityFilterChain - Creating filter chain: any request, [org.springframework.security.web.context.request.async.WebAsyncManagerIntegrationFilter@40f1aa95, org.springframework.security.web.context.SecurityContextPersistenceFilter@44da7eb3, org.springframework.security.web.header.HeaderWriterFilter@6b09ce57, org.springframework.web.filter.CorsFilter@1c72189f, org.springframework.security.web.authentication.logout.LogoutFilter@117b2cc6, org.springframework.security.web.authentication.www.BasicAuthenticationFilter@3be80ece, org.springframework.security.web.savedrequest.RequestCacheAwareFilter@3d512652, org.springframework.security.web.servletapi.SecurityContextHolderAwareRequestFilter@5dfc2a4, org.springframework.security.web.authentication.AnonymousAuthenticationFilter@14be750c, org.springframework.security.web.session.SessionManagementFilter@56d6a1b1, org.springframework.security.web.access.ExceptionTranslationFilter@5a85b4e6, org.springframework.security.web.access.intercept.FilterSecurityInterceptor@48c5698]
31-01-2020 09:37:51 [main] INFO  o.s.s.c.ThreadPoolTaskExecutor - Initializing ExecutorService 'applicationTaskExecutor'
31-01-2020 09:37:52 [main] INFO  o.s.b.w.e.tomcat.TomcatWebServer - Tomcat started on port(s): 8080 (http) with context path ''
31-01-2020 09:37:52 [main] INFO  c.d.m.ProjetCompteClientApplication - Started ProjetCompteClientApplication in 19.144 seconds (JVM running for 21.744)
31-01-2020 09:38:31 [RMI TCP Connection(2)-127.0.0.1] INFO  o.s.b.a.SpringApplicationAdminMXBeanRegistrar$SpringApplicationAdmin - Application shutdown requested.
31-01-2020 09:38:31 [RMI TCP Connection(2)-127.0.0.1] INFO  o.s.s.c.ThreadPoolTaskExecutor - Shutting down ExecutorService 'applicationTaskExecutor'
31-01-2020 09:38:31 [RMI TCP Connection(2)-127.0.0.1] INFO  o.s.o.j.LocalContainerEntityManagerFactoryBean - Closing JPA EntityManagerFactory for persistence unit 'default'
31-01-2020 09:38:31 [RMI TCP Connection(2)-127.0.0.1] INFO  com.zaxxer.hikari.HikariDataSource - HikariPool-1 - Shutdown initiated...
31-01-2020 09:38:31 [RMI TCP Connection(2)-127.0.0.1] INFO  com.zaxxer.hikari.HikariDataSource - HikariPool-1 - Shutdown completed.
31-01-2020 09:38:41 [main] INFO  c.d.m.ProjetCompteClientApplication - Starting ProjetCompteClientApplication on DESKTOP-D08EB1A with PID 10188 (started by Mamadou Anne in C:\Users\Mamadou Anne\Documents\workspace-spring-tool-suite-4-4.4.0.RELEASE\ProjetCompteClient)
31-01-2020 09:38:41 [main] INFO  c.d.m.ProjetCompteClientApplication - No active profile set, falling back to default profiles: default
31-01-2020 09:38:45 [main] INFO  o.s.d.r.c.RepositoryConfigurationDelegate - Bootstrapping Spring Data JPA repositories in DEFAULT mode.
31-01-2020 09:38:46 [main] INFO  o.s.d.r.c.RepositoryConfigurationDelegate - Finished Spring Data repository scanning in 441ms. Found 4 JPA repository interfaces.
31-01-2020 09:38:47 [main] INFO  o.s.c.s.PostProcessorRegistrationDelegate$BeanPostProcessorChecker - Bean 'org.springframework.ws.config.annotation.DelegatingWsConfiguration' of type [org.springframework.ws.config.annotation.DelegatingWsConfiguration$$EnhancerBySpringCGLIB$$755cee3b] is not eligible for getting processed by all BeanPostProcessors (for example: not eligible for auto-proxying)
31-01-2020 09:38:48 [main] INFO  o.s.w.s.a.s.AnnotationActionEndpointMapping - Supporting [WS-Addressing August 2004, WS-Addressing 1.0]
31-01-2020 09:38:48 [main] INFO  o.s.c.s.PostProcessorRegistrationDelegate$BeanPostProcessorChecker - Bean 'org.springframework.transaction.annotation.ProxyTransactionManagementConfiguration' of type [org.springframework.transaction.annotation.ProxyTransactionManagementConfiguration] is not eligible for getting processed by all BeanPostProcessors (for example: not eligible for auto-proxying)
31-01-2020 09:38:49 [main] INFO  o.s.b.w.e.tomcat.TomcatWebServer - Tomcat initialized with port(s): 8080 (http)
31-01-2020 09:38:49 [main] INFO  o.a.catalina.core.StandardService - Starting service [Tomcat]
31-01-2020 09:38:49 [main] INFO  o.a.catalina.core.StandardEngine - Starting Servlet engine: [Apache Tomcat/9.0.30]
31-01-2020 09:38:50 [main] INFO  o.a.c.c.C.[Tomcat].[localhost].[/] - Initializing Spring embedded WebApplicationContext
31-01-2020 09:38:50 [main] INFO  o.s.web.context.ContextLoader - Root WebApplicationContext: initialization completed in 8253 ms
31-01-2020 09:38:51 [main] INFO  o.h.jpa.internal.util.LogHelper - HHH000204: Processing PersistenceUnitInfo [name: default]
31-01-2020 09:38:51 [main] INFO  org.hibernate.Version - HHH000412: Hibernate Core {5.4.10.Final}
31-01-2020 09:38:52 [main] INFO  o.h.annotations.common.Version - HCANN000001: Hibernate Commons Annotations {5.1.0.Final}
31-01-2020 09:38:52 [main] INFO  com.zaxxer.hikari.HikariDataSource - HikariPool-1 - Starting...
31-01-2020 09:38:53 [main] INFO  com.zaxxer.hikari.HikariDataSource - HikariPool-1 - Start completed.
31-01-2020 09:38:53 [main] INFO  org.hibernate.dialect.Dialect - HHH000400: Using dialect: org.hibernate.dialect.MySQL5Dialect
31-01-2020 09:38:58 [main] INFO  o.h.e.t.j.p.i.JtaPlatformInitiator - HHH000490: Using JtaPlatform implementation: [org.hibernate.engine.transaction.jta.platform.internal.NoJtaPlatform]
31-01-2020 09:38:58 [main] INFO  o.s.o.j.LocalContainerEntityManagerFactoryBean - Initialized JPA EntityManagerFactory for persistence unit 'default'
31-01-2020 09:38:58 [main] WARN  o.s.b.a.o.j.JpaBaseConfiguration$JpaWebConfiguration - spring.jpa.open-in-view is enabled by default. Therefore, database queries may be performed during view rendering. Explicitly configure spring.jpa.open-in-view to disable this warning
31-01-2020 09:39:02 [main] INFO  o.s.s.web.DefaultSecurityFilterChain - Creating filter chain: any request, [org.springframework.security.web.context.request.async.WebAsyncManagerIntegrationFilter@340c5fb6, org.springframework.security.web.context.SecurityContextPersistenceFilter@766b6d02, org.springframework.security.web.header.HeaderWriterFilter@44aa91e2, org.springframework.web.filter.CorsFilter@322b09da, org.springframework.security.web.authentication.logout.LogoutFilter@70c491b8, org.springframework.security.web.authentication.www.BasicAuthenticationFilter@17884d, org.springframework.security.web.savedrequest.RequestCacheAwareFilter@5c4f4330, org.springframework.security.web.servletapi.SecurityContextHolderAwareRequestFilter@56d6a1b1, org.springframework.security.web.authentication.AnonymousAuthenticationFilter@45d389f2, org.springframework.security.web.session.SessionManagementFilter@653a5967, org.springframework.security.web.access.ExceptionTranslationFilter@7f642bf, org.springframework.security.web.access.intercept.FilterSecurityInterceptor@677cc4e8]
31-01-2020 09:39:03 [main] INFO  o.s.s.c.ThreadPoolTaskExecutor - Initializing ExecutorService 'applicationTaskExecutor'
31-01-2020 09:39:03 [main] INFO  o.s.b.w.e.tomcat.TomcatWebServer - Tomcat started on port(s): 8080 (http) with context path ''
31-01-2020 09:39:03 [main] INFO  c.d.m.ProjetCompteClientApplication - Started ProjetCompteClientApplication in 24.868 seconds (JVM running for 28.666)
